<?xml version="1.0" encoding="UTF-8" ?>
<testsuite tests="22" failures="0" name="teste.TestSuite" time="185.882" errors="0" skipped="0">
  <properties>
[...]
</properties>
  <testcase classname="teste.PremiumTeste" name="getPremiumsPorCartao" time="0.21"/>
  <testcase classname="teste.PremiumTeste" name="existePremium" time="0.009"/>
  <testcase classname="teste.PremiumTeste" name="getPremiumPorId" time="0.024"/>
  <testcase classname="teste.PremiumTeste" name="atualizar" time="0.211"/>
  <testcase classname="teste.ArtistaTeste" name="consultarArtistaPorTituloViaNamedQuery" time="0.036"/>
  <testcase classname="teste.ArtistaTeste" name="persistirArtista" time="0.075"/>
  <testcase classname="teste.ArtistaTeste" name="DeleteArtista" time="0.078"/>
  <testcase classname="teste.ArtistaTeste" name="consultarArtistaPorNome" time="0.003"/>
  <testcase classname="teste.ArtistaTeste" name="consultarArtistaPorPais" time="0.003"/>
  <testcase classname="teste.ArtistaTeste" name="atualizarArtista" time="0.06"/>
  <testcase classname="teste.ArtistaTeste" name="consultarArtistaPorIdViaNamedQuery" time="0.002"/>
  <testcase classname="teste.PlayListTeste" name="pegarTodasAsPlayLists" time="0.053"/>
  <testcase classname="teste.PlayListTeste" name="DeletePlaylist" time="0.059"/>
  <testcase classname="teste.PlayListTeste" name="criarPlaylist" time="0.006"/>
  <testcase classname="teste.PlayListTeste" name="consultarPlaylistPorTitulo" time="0.003"/>
  <testcase classname="teste.CartaoTeste" name="PersistCartao" time="0.031"/>
  <testcase classname="teste.CartaoTeste" name="getCartaoporBandeira" time="0.021"/>
  <testcase classname="teste.CartaoTeste" name="getCartaoPorId" time="0.005"/>
  <testcase classname="teste.CartaoTeste" name="getCartaoporNumero" time="0.003"/>
  <testcase classname="teste.MusicaTeste" name="DeleteMusica" time="0.157"/>
  <testcase classname="teste.MusicaTeste" name="consultarMusicaPorTitulo" time="0.003"/>
  <testcase classname="teste.MusicaTeste" name="atualizarMusica" time="0.041"/>
</testsuite>